<?xml version="1.0" encoding="UTF-8"?>
<testsuite name="com.codestates.soloproject.SoloProjectApplicationTests" tests="1" skipped="0" failures="0" errors="0" timestamp="2022-12-13T02:06:51" hostname="DESKTOP-8OJ0T02" time="0.342">
  <properties/>
  <testcase name="contextLoads()" classname="com.codestates.soloproject.SoloProjectApplicationTests" time="0.342"/>
  <system-out><![CDATA[11:06:40.458 [Test worker] DEBUG org.springframework.test.context.BootstrapUtils - Instantiating CacheAwareContextLoaderDelegate from class [org.springframework.test.context.cache.DefaultCacheAwareContextLoaderDelegate]
11:06:40.482 [Test worker] DEBUG org.springframework.test.context.BootstrapUtils - Instantiating BootstrapContext using constructor [public org.springframework.test.context.support.DefaultBootstrapContext(java.lang.Class,org.springframework.test.context.CacheAwareContextLoaderDelegate)]
11:06:40.563 [Test worker] DEBUG org.springframework.test.context.BootstrapUtils - Instantiating TestContextBootstrapper for test class [com.codestates.soloproject.SoloProjectApplicationTests] from class [org.springframework.boot.test.context.SpringBootTestContextBootstrapper]
11:06:40.587 [Test worker] INFO org.springframework.boot.test.context.SpringBootTestContextBootstrapper - Neither @ContextConfiguration nor @ContextHierarchy found for test class [com.codestates.soloproject.SoloProjectApplicationTests], using SpringBootContextLoader
11:06:40.595 [Test worker] DEBUG org.springframework.test.context.support.AbstractContextLoader - Did not detect default resource location for test class [com.codestates.soloproject.SoloProjectApplicationTests]: class path resource [com/codestates/soloproject/SoloProjectApplicationTests-context.xml] does not exist
11:06:40.597 [Test worker] DEBUG org.springframework.test.context.support.AbstractContextLoader - Did not detect default resource location for test class [com.codestates.soloproject.SoloProjectApplicationTests]: class path resource [com/codestates/soloproject/SoloProjectApplicationTestsContext.groovy] does not exist
11:06:40.597 [Test worker] INFO org.springframework.test.context.support.AbstractContextLoader - Could not detect default resource locations for test class [com.codestates.soloproject.SoloProjectApplicationTests]: no resource found for suffixes {-context.xml, Context.groovy}.
11:06:40.599 [Test worker] INFO org.springframework.test.context.support.AnnotationConfigContextLoaderUtils - Could not detect default configuration classes for test class [com.codestates.soloproject.SoloProjectApplicationTests]: SoloProjectApplicationTests does not declare any static, non-private, non-final, nested classes annotated with @Configuration.
11:06:40.694 [Test worker] DEBUG org.springframework.test.context.support.ActiveProfilesUtils - Could not find an 'annotation declaring class' for annotation type [org.springframework.test.context.ActiveProfiles] and class [com.codestates.soloproject.SoloProjectApplicationTests]
11:06:40.837 [Test worker] DEBUG org.springframework.context.annotation.ClassPathScanningCandidateComponentProvider - Identified candidate component class: file [D:\Git_CodeStates\Spring_Template\Section_4\solo-project\build\classes\java\main\com\codestates\soloproject\SoloProjectApplication.class]
11:06:40.842 [Test worker] INFO org.springframework.boot.test.context.SpringBootTestContextBootstrapper - Found @SpringBootConfiguration com.codestates.soloproject.SoloProjectApplication for test class com.codestates.soloproject.SoloProjectApplicationTests
11:06:41.055 [Test worker] DEBUG org.springframework.boot.test.context.SpringBootTestContextBootstrapper - @TestExecutionListeners is not present for class [com.codestates.soloproject.SoloProjectApplicationTests]: using defaults.
11:06:41.057 [Test worker] INFO org.springframework.boot.test.context.SpringBootTestContextBootstrapper - Loaded default TestExecutionListener class names from location [META-INF/spring.factories]: [org.springframework.boot.test.autoconfigure.restdocs.RestDocsTestExecutionListener, org.springframework.boot.test.autoconfigure.web.client.MockRestServiceServerResetTestExecutionListener, org.springframework.boot.test.autoconfigure.web.servlet.MockMvcPrintOnlyOnFailureTestExecutionListener, org.springframework.boot.test.autoconfigure.web.servlet.WebDriverTestExecutionListener, org.springframework.boot.test.autoconfigure.webservices.client.MockWebServiceServerTestExecutionListener, org.springframework.boot.test.mock.mockito.MockitoTestExecutionListener, org.springframework.boot.test.mock.mockito.ResetMocksTestExecutionListener, org.springframework.test.context.web.ServletTestExecutionListener, org.springframework.test.context.support.DirtiesContextBeforeModesTestExecutionListener, org.springframework.test.context.event.ApplicationEventsTestExecutionListener, org.springframework.test.context.support.DependencyInjectionTestExecutionListener, org.springframework.test.context.support.DirtiesContextTestExecutionListener, org.springframework.test.context.transaction.TransactionalTestExecutionListener, org.springframework.test.context.jdbc.SqlScriptsTestExecutionListener, org.springframework.test.context.event.EventPublishingTestExecutionListener]
11:06:41.087 [Test worker] INFO org.springframework.boot.test.context.SpringBootTestContextBootstrapper - Using TestExecutionListeners: [org.springframework.test.context.web.ServletTestExecutionListener@437e951d, org.springframework.test.context.support.DirtiesContextBeforeModesTestExecutionListener@77b325b3, org.springframework.test.context.event.ApplicationEventsTestExecutionListener@63a5e46c, org.springframework.boot.test.mock.mockito.MockitoTestExecutionListener@7e8e8651, org.springframework.boot.test.autoconfigure.SpringBootDependencyInjectionTestExecutionListener@49ef32e0, org.springframework.test.context.support.DirtiesContextTestExecutionListener@271f18d3, org.springframework.test.context.transaction.TransactionalTestExecutionListener@6bd51ed8, org.springframework.test.context.jdbc.SqlScriptsTestExecutionListener@61e3a1fd, org.springframework.test.context.event.EventPublishingTestExecutionListener@51abf713, org.springframework.boot.test.autoconfigure.restdocs.RestDocsTestExecutionListener@eadb475, org.springframework.boot.test.autoconfigure.web.client.MockRestServiceServerResetTestExecutionListener@4d4d48a6, org.springframework.boot.test.autoconfigure.web.servlet.MockMvcPrintOnlyOnFailureTestExecutionListener@315df4bb, org.springframework.boot.test.autoconfigure.web.servlet.WebDriverTestExecutionListener@3fc08eec, org.springframework.boot.test.autoconfigure.webservices.client.MockWebServiceServerTestExecutionListener@5cad8b7d, org.springframework.boot.test.mock.mockito.ResetMocksTestExecutionListener@7b02e036]
11:06:41.094 [Test worker] DEBUG org.springframework.test.context.support.AbstractDirtiesContextTestExecutionListener - Before test class: context [DefaultTestContext@79c4715d testClass = SoloProjectApplicationTests, testInstance = [null], testMethod = [null], testException = [null], mergedContextConfiguration = [WebMergedContextConfiguration@5aa360ea testClass = SoloProjectApplicationTests, locations = '{}', classes = '{class com.codestates.soloproject.SoloProjectApplication}', contextInitializerClasses = '[]', activeProfiles = '{}', propertySourceLocations = '{}', propertySourceProperties = '{org.springframework.boot.test.context.SpringBootTestContextBootstrapper=true}', contextCustomizers = set[org.springframework.boot.test.autoconfigure.actuate.metrics.MetricsExportContextCustomizerFactory$DisableMetricExportContextCustomizer@7894f09b, org.springframework.boot.test.autoconfigure.properties.PropertyMappingContextCustomizer@0, org.springframework.boot.test.autoconfigure.web.servlet.WebDriverContextCustomizerFactory$Customizer@650eab8, org.springframework.boot.test.context.filter.ExcludeFilterContextCustomizer@4f2c9ba6, org.springframework.boot.test.json.DuplicateJsonObjectContextCustomizerFactory$DuplicateJsonObjectContextCustomizer@4c37b5b, org.springframework.boot.test.mock.mockito.MockitoContextCustomizer@0, org.springframework.boot.test.web.client.TestRestTemplateContextCustomizer@4baf352a, org.springframework.boot.test.context.SpringBootTestArgs@1, org.springframework.boot.test.context.SpringBootTestWebEnvironment@3cfdd820], resourceBasePath = 'src/main/webapp', contextLoader = 'org.springframework.boot.test.context.SpringBootContextLoader', parent = [null]], attributes = map['org.springframework.test.context.web.ServletTestExecutionListener.activateListener' -> true]], class annotated with @DirtiesContext [false] with mode [null].

  .   ____          _            __ _ _
 /\\ / ___'_ __ _ _(_)_ __  __ _ \ \ \ \
( ( )\___ | '_ | '_| | '_ \/ _` | \ \ \ \
 \\/  ___)| |_)| | | | | || (_| |  ) ) ) )
  '  |____| .__|_| |_|_| |_\__, | / / / /
 =========|_|==============|___/=/_/_/_/
 :: Spring Boot ::                (v2.7.6)

2022-12-13 11:06:41.961  INFO 8380 --- [    Test worker] c.c.s.SoloProjectApplicationTests        : Starting SoloProjectApplicationTests using Java 11.0.16 on DESKTOP-8OJ0T02 with PID 8380 (started by jungha in D:\Git_CodeStates\Spring_Template\Section_4\solo-project)
2022-12-13 11:06:41.964  INFO 8380 --- [    Test worker] c.c.s.SoloProjectApplicationTests        : No active profile set, falling back to 1 default profile: "default"
2022-12-13 11:06:43.901  INFO 8380 --- [    Test worker] .s.d.r.c.RepositoryConfigurationDelegate : Bootstrapping Spring Data JPA repositories in DEFAULT mode.
2022-12-13 11:06:44.038  INFO 8380 --- [    Test worker] .s.d.r.c.RepositoryConfigurationDelegate : Finished Spring Data repository scanning in 120 ms. Found 1 JPA repository interfaces.
2022-12-13 11:06:45.375  INFO 8380 --- [    Test worker] o.hibernate.jpa.internal.util.LogHelper  : HHH000204: Processing PersistenceUnitInfo [name: default]
2022-12-13 11:06:45.580  INFO 8380 --- [    Test worker] org.hibernate.Version                    : HHH000412: Hibernate ORM core version 5.6.14.Final
2022-12-13 11:06:46.230  INFO 8380 --- [    Test worker] o.hibernate.annotations.common.Version   : HCANN000001: Hibernate Commons Annotations {5.1.2.Final}
2022-12-13 11:06:46.599  INFO 8380 --- [    Test worker] com.zaxxer.hikari.HikariDataSource       : HikariPool-1 - Starting...
2022-12-13 11:06:47.301  INFO 8380 --- [    Test worker] com.zaxxer.hikari.HikariDataSource       : HikariPool-1 - Start completed.
2022-12-13 11:06:47.435  INFO 8380 --- [    Test worker] org.hibernate.dialect.Dialect            : HHH000400: Using dialect: org.hibernate.dialect.H2Dialect
Hibernate: drop table if exists todos CASCADE 
Hibernate: create table todos (id integer generated by default as identity, completed boolean not null, title varchar(255) not null, todo_order integer not null, primary key (id))
Hibernate: alter table todos add constraint UK_22u7ggyyjqqutiporuja8grfg unique (todo_order)
2022-12-13 11:06:48.753  INFO 8380 --- [    Test worker] o.h.e.t.j.p.i.JtaPlatformInitiator       : HHH000490: Using JtaPlatform implementation: [org.hibernate.engine.transaction.jta.platform.internal.NoJtaPlatform]
2022-12-13 11:06:48.764  INFO 8380 --- [    Test worker] j.LocalContainerEntityManagerFactoryBean : Initialized JPA EntityManagerFactory for persistence unit 'default'
2022-12-13 11:06:49.980  WARN 8380 --- [    Test worker] JpaBaseConfiguration$JpaWebConfiguration : spring.jpa.open-in-view is enabled by default. Therefore, database queries may be performed during view rendering. Explicitly configure spring.jpa.open-in-view to disable this warning
2022-12-13 11:06:50.789  INFO 8380 --- [    Test worker] o.s.b.a.h2.H2ConsoleAutoConfiguration    : H2 console available at '/h2'. Database available at 'jdbc:h2:mem:test'
2022-12-13 11:06:51.770  INFO 8380 --- [    Test worker] c.c.s.SoloProjectApplicationTests        : Started SoloProjectApplicationTests in 10.608 seconds (JVM running for 13.441)
]]></system-out>
  <system-err><![CDATA[]]></system-err>
</testsuite>
